<?xml version="1.0" encoding="UTF-8"?>
<!-- Generated by org.testng.reporters.JUnitReportReporter -->
<testsuite hostname="Pavan-PC" name="myrpdata.propertyAddressSearch" tests="1" failures="0" timestamp="11 Dec 2013 03:36:57 GMT" time="7.630" errors="0">
  <testcase name="propertyAddressSearchTest" time="7.630" classname="myrpdata.propertyAddressSearch"/>
</testsuite> <!-- myrpdata.propertyAddressSearch -->
