<?xml version="1.0" encoding="UTF-8"?>
<!-- Generated by org.testng.reporters.JUnitReportReporter -->
<testsuite hostname="shrike.local" name="myrp.test.SmokeTestProd" tests="1" failures="0" timestamp="2 Oct 2014 20:21:49 GMT" time="46.746" errors="0">
  <testcase name="verifyEstimatedValueSubscription" time="46.746" classname="myrp.test.SmokeTestProd"/>
</testsuite> <!-- myrp.test.SmokeTestProd -->
