<?xml version="1.0" encoding="UTF-8"?>
<!-- Generated by org.testng.reporters.JUnitReportReporter -->
<testsuite hostname="shrike.local" name="myrp.test.SmokeTestProd" tests="1" failures="0" timestamp="2 Oct 2014 23:35:01 GMT" time="29.922" errors="0">
  <testcase name="verifyExternalConnections" time="29.922" classname="myrp.test.SmokeTestProd"/>
</testsuite> <!-- myrp.test.SmokeTestProd -->
